<!DOCTYPE html PUBLIC "-//W3C//DTD XHTML 1.1//EN" "http://www.w3.org/TR/xhtml11/DTD/xhtml11.dtd">
<html xmlns="http://www.w3.org/1999/xhtml">
<head>
<meta http-equiv="content-type" content="text/html; charset=UTF-8"/>
<title>TestNG Report</title>
<style type="text/css">table {margin-bottom:10px;border-collapse:collapse;empty-cells:show}th,td {border:1px solid #009;padding:.25em .5em}th {vertical-align:bottom}td {vertical-align:top}table a {font-weight:bold}.stripe td {background-color: #E6EBF9}.num {text-align:right}.passedodd td {background-color: #3F3}.passedeven td {background-color: #0A0}.skippedodd td {background-color: #DDD}.skippedeven td {background-color: #CCC}.failedodd td,.attn {background-color: #F33}.failedeven td,.stripe .attn {background-color: #D00}.stacktrace {white-space:pre;font-family:monospace}.totop {font-size:85%;text-align:center;border-bottom:2px solid #000}.invisible {display:none}</style>
</head>
<body>
<table>
<tr><th>Test</th><th># Passed</th><th># Skipped</th><th># Failed</th><th>Time (ms)</th><th>Included Groups</th><th>Excluded Groups</th></tr>
<tr><th colspan="7">Default suite</th></tr>
<tr><td><a href="#t0">Default test</a></td><td class="num">0</td><td class="num">0</td><td class="num attn">1</td><td class="num">12,081</td><td></td><td></td></tr>
</table>
<table id='summary'><thead><tr><th>Class</th><th>Method</th><th>Start</th><th>Time (ms)</th></tr></thead><tbody><tr><th colspan="4">Default suite</th></tr></tbody><tbody id="t0"><tr><th colspan="4">Default test &#8212; failed (configuration methods)</th></tr><tr class="failedeven"><td rowspan="1">UnbreakableTestTrial</td><td><a href="#m0">afterMethod</a></td><td rowspan="1">1595343461920</td><td rowspan="1">1585</td></tr><tr><th colspan="4">Default test &#8212; failed</th></tr><tr class="failedeven"><td rowspan="1">UnbreakableTestTrial</td><td><a href="#m1">unbreakableTest</a></td><td rowspan="1">1595343458764</td><td rowspan="1">3154</td></tr></tbody>
</table>
<h2>Default test</h2><h3 id="m0">UnbreakableTestTrial#afterMethod</h3><table class="result"><tr class="param"><th>Parameter #1</th><th>Parameter #2</th></tr><tr class="param stripe"><td>public void UnbreakableTestTrial.unbreakableTest() throws java.lang.Exception</td><td>[]</td></tr><tr><th colspan="2">Exception</th></tr><tr><td colspan="2"><div class="stacktrace">java.lang.AssertionError: A detailed report will be created at &apos;D:\workspace\recheckweb4\autoheal-recheckweb\target\test-classes\retest\recheck\UnbreakableTestTrial.report&apos;. You can review the details by using our CLI (https://github.com/retest/recheck.cli/) or GUI (https://retest.de/review/).

4 check(s) in &apos;UnbreakableTestTrial&apos; found the following difference(s):
Test &apos;beforeMethod&apos; has 2 difference(s) in 4 state(s):
00 resulted in:
	Metadata Differences:
		
	input at &apos;html[1]/body[1]/main[1]/form[1]/input[1]&apos;:
		id: expected=&quot;username123&quot;, actual=&quot;username123456&quot;
	input at &apos;html[1]/body[1]/main[1]/form[1]/input[2]&apos;:
		id: expected=&quot;password&quot;, actual=&quot;password123&quot;
01 resulted in:
	Metadata Differences:
		
	input at &apos;html[1]/body[1]/main[1]/form[1]/input[1]&apos;:
		id: expected=&quot;username123&quot;, actual=&quot;username123456&quot;
	input at &apos;html[1]/body[1]/main[1]/form[1]/input[2]&apos;:
		id: expected=&quot;password&quot;, actual=&quot;password123&quot;
02 resulted in:
	Metadata Differences:
		
	input at &apos;html[1]/body[1]/main[1]/form[1]/input[1]&apos;:
		id: expected=&quot;username123&quot;, actual=&quot;username123456&quot;
	input at &apos;html[1]/body[1]/main[1]/form[1]/input[2]&apos;:
		id: expected=&quot;password&quot;, actual=&quot;password123&quot;
03 resulted in:
	Metadata Differences:
		
	input at &apos;html[1]/body[1]/main[1]/form[1]/input[1]&apos;:
		id: expected=&quot;username123&quot;, actual=&quot;username123456&quot;
	input at &apos;html[1]/body[1]/main[1]/form[1]/input[2]&apos;:
		id: expected=&quot;password&quot;, actual=&quot;password123&quot;
	at de.retest.recheck.RecheckImpl.capTest(RecheckImpl.java:188)
	at de.retest.recheck.RecheckImpl.cap(RecheckImpl.java:200)
	at de.retest.web.selenium.AutocheckingRecheckDriver.cap(AutocheckingRecheckDriver.java:88)
	at de.retest.web.selenium.AutocheckingRecheckDriver.quit(AutocheckingRecheckDriver.java:108)
	at UnbreakableTestTrial.afterMethod(UnbreakableTestTrial.java:74)
	at sun.reflect.NativeMethodAccessorImpl.invoke0(Native Method)
	at sun.reflect.NativeMethodAccessorImpl.invoke(NativeMethodAccessorImpl.java:62)
	at sun.reflect.DelegatingMethodAccessorImpl.invoke(DelegatingMethodAccessorImpl.java:43)
	at java.lang.reflect.Method.invoke(Method.java:498)
	at org.testng.internal.MethodInvocationHelper.invokeMethod(MethodInvocationHelper.java:124)
	at org.testng.internal.MethodInvocationHelper.invokeMethodConsideringTimeout(MethodInvocationHelper.java:59)
	at org.testng.internal.Invoker.invokeConfigurationMethod(Invoker.java:458)
	at org.testng.internal.Invoker.invokeConfigurations(Invoker.java:222)
	at org.testng.internal.Invoker.invokeMethod(Invoker.java:646)
	at org.testng.internal.Invoker.invokeTestMethod(Invoker.java:719)
	at org.testng.internal.Invoker.invokeTestMethods(Invoker.java:989)
	at org.testng.internal.TestMethodWorker.invokeTestMethods(TestMethodWorker.java:125)
	at org.testng.internal.TestMethodWorker.run(TestMethodWorker.java:109)
	at org.testng.TestRunner.privateRun(TestRunner.java:648)
	at org.testng.TestRunner.run(TestRunner.java:505)
	at org.testng.SuiteRunner.runTest(SuiteRunner.java:455)
	at org.testng.SuiteRunner.runSequentially(SuiteRunner.java:450)
	at org.testng.SuiteRunner.privateRun(SuiteRunner.java:415)
	at org.testng.SuiteRunner.run(SuiteRunner.java:364)
	at org.testng.SuiteRunnerWorker.runSuite(SuiteRunnerWorker.java:52)
	at org.testng.SuiteRunnerWorker.run(SuiteRunnerWorker.java:84)
	at org.testng.TestNG.runSuitesSequentially(TestNG.java:1208)
	at org.testng.TestNG.runSuitesLocally(TestNG.java:1137)
	at org.testng.TestNG.runSuites(TestNG.java:1049)
	at org.testng.TestNG.run(TestNG.java:1017)
	at org.testng.remote.AbstractRemoteTestNG.run(AbstractRemoteTestNG.java:114)
	at org.testng.remote.RemoteTestNG.initAndRun(RemoteTestNG.java:251)
	at org.testng.remote.RemoteTestNG.main(RemoteTestNG.java:77)
</div></td></tr></table><p class="totop"><a href="#summary">back to summary</a></p>
<h3 id="m1">UnbreakableTestTrial#unbreakableTest</h3><table class="result"><tr><th>Exception</th></tr><tr><td><div class="stacktrace">java.lang.AssertionError: A detailed report will be created at &apos;D:\workspace\recheckweb4\autoheal-recheckweb\target\test-classes\retest\recheck\UnbreakableTestTrial.report&apos;. You can review the details by using our CLI (https://github.com/retest/recheck.cli/) or GUI (https://retest.de/review/).

1 check(s) in &apos;UnbreakableTestTrial&apos; found the following difference(s):
Test &apos;beforeMethod&apos; has 2 difference(s) in 1 state(s):
trial resulted in:
	Metadata Differences:
		
	input at &apos;html[1]/body[1]/main[1]/form[1]/input[1]&apos;:
		id: expected=&quot;username123&quot;, actual=&quot;username123456&quot;
	input at &apos;html[1]/body[1]/main[1]/form[1]/input[2]&apos;:
		id: expected=&quot;password&quot;, actual=&quot;password123&quot;
	at de.retest.recheck.RecheckImpl.capTest(RecheckImpl.java:188)
	at UnbreakableTestTrial.unbreakableTest(UnbreakableTestTrial.java:48)
	at sun.reflect.NativeMethodAccessorImpl.invoke0(Native Method)
	at sun.reflect.NativeMethodAccessorImpl.invoke(NativeMethodAccessorImpl.java:62)
	at sun.reflect.DelegatingMethodAccessorImpl.invoke(DelegatingMethodAccessorImpl.java:43)
	at java.lang.reflect.Method.invoke(Method.java:498)
	at org.testng.internal.MethodInvocationHelper.invokeMethod(MethodInvocationHelper.java:124)
	at org.testng.internal.Invoker.invokeMethod(Invoker.java:583)
	at org.testng.internal.Invoker.invokeTestMethod(Invoker.java:719)
	at org.testng.internal.Invoker.invokeTestMethods(Invoker.java:989)
	at org.testng.internal.TestMethodWorker.invokeTestMethods(TestMethodWorker.java:125)
	at org.testng.internal.TestMethodWorker.run(TestMethodWorker.java:109)
	at org.testng.TestRunner.privateRun(TestRunner.java:648)
	at org.testng.TestRunner.run(TestRunner.java:505)
	at org.testng.SuiteRunner.runTest(SuiteRunner.java:455)
	at org.testng.SuiteRunner.runSequentially(SuiteRunner.java:450)
	at org.testng.SuiteRunner.privateRun(SuiteRunner.java:415)
	at org.testng.SuiteRunner.run(SuiteRunner.java:364)
	at org.testng.SuiteRunnerWorker.runSuite(SuiteRunnerWorker.java:52)
	at org.testng.SuiteRunnerWorker.run(SuiteRunnerWorker.java:84)
	at org.testng.TestNG.runSuitesSequentially(TestNG.java:1208)
	at org.testng.TestNG.runSuitesLocally(TestNG.java:1137)
	at org.testng.TestNG.runSuites(TestNG.java:1049)
	at org.testng.TestNG.run(TestNG.java:1017)
	at org.testng.remote.AbstractRemoteTestNG.run(AbstractRemoteTestNG.java:114)
	at org.testng.remote.RemoteTestNG.initAndRun(RemoteTestNG.java:251)
	at org.testng.remote.RemoteTestNG.main(RemoteTestNG.java:77)
</div></td></tr></table><p class="totop"><a href="#summary">back to summary</a></p>
</body>
</html>
