<?xml version="1.0" encoding="UTF-8"?>
<!-- Generated by org.testng.reporters.JUnitReportReporter -->
<testsuite skipped="0" hostname="MDLT011" name="UnbreakableSeleniumTest" tests="2" failures="2" timestamp="20 Jul 2020 12:47:29 GMT" time="8.376" errors="0">
  <testcase name="unBreakableTest" time="7.191" classname="UnbreakableSeleniumTest">
    <failure type="java.lang.AssertionError" message="A detailed report will be created at &#039;D:\workspace\recheckweb4\autoheal-recheckweb\target\test-classes\retest\recheck\UnbreakableSeleniumTest.report&#039;. You can review the details by using our CLI (https://github.com/retest/recheck.cli/) or GUI (https://retest.de/review/).

1 check(s) in &#039;UnbreakableSeleniumTest&#039; found the following difference(s):
Test &#039;unBreakableTest&#039; has 2 difference(s) in 1 state(s):
LoginPage resulted in:
	Metadata Differences:
		
	input at &#039;html[1]/body[1]/main[1]/form[1]/input[1]&#039;:
		id: expected=&quot;username123&quot;, actual=&quot;username1234567&quot;
	input at &#039;html[1]/body[1]/main[1]/form[1]/input[2]&#039;:
		id: expected=&quot;password&quot;, actual=&quot;password-field&quot;">
      <![CDATA[java.lang.AssertionError: A detailed report will be created at 'D:\workspace\recheckweb4\autoheal-recheckweb\target\test-classes\retest\recheck\UnbreakableSeleniumTest.report'. You can review the details by using our CLI (https://github.com/retest/recheck.cli/) or GUI (https://retest.de/review/).

1 check(s) in 'UnbreakableSeleniumTest' found the following difference(s):
Test 'unBreakableTest' has 2 difference(s) in 1 state(s):
LoginPage resulted in:
Metadata Differences:

input at 'html[1]/body[1]/main[1]/form[1]/input[1]':
id: expected="username123", actual="username1234567"
input at 'html[1]/body[1]/main[1]/form[1]/input[2]':
id: expected="password", actual="password-field"
at de.retest.recheck.RecheckImpl.capTest(RecheckImpl.java:188)
at UnbreakableSeleniumTest.unBreakableTest(UnbreakableSeleniumTest.java:43)
at sun.reflect.NativeMethodAccessorImpl.invoke0(Native Method)
at sun.reflect.NativeMethodAccessorImpl.invoke(NativeMethodAccessorImpl.java:62)
at sun.reflect.DelegatingMethodAccessorImpl.invoke(DelegatingMethodAccessorImpl.java:43)
at java.lang.reflect.Method.invoke(Method.java:498)
at org.testng.internal.MethodInvocationHelper.invokeMethod(MethodInvocationHelper.java:124)
at org.testng.internal.Invoker.invokeMethod(Invoker.java:583)
at org.testng.internal.Invoker.invokeTestMethod(Invoker.java:719)
at org.testng.internal.Invoker.invokeTestMethods(Invoker.java:989)
at org.testng.internal.TestMethodWorker.invokeTestMethods(TestMethodWorker.java:125)
at org.testng.internal.TestMethodWorker.run(TestMethodWorker.java:109)
at org.testng.TestRunner.privateRun(TestRunner.java:648)
at org.testng.TestRunner.run(TestRunner.java:505)
at org.testng.SuiteRunner.runTest(SuiteRunner.java:455)
at org.testng.SuiteRunner.runSequentially(SuiteRunner.java:450)
at org.testng.SuiteRunner.privateRun(SuiteRunner.java:415)
at org.testng.SuiteRunner.run(SuiteRunner.java:364)
at org.testng.SuiteRunnerWorker.runSuite(SuiteRunnerWorker.java:52)
at org.testng.SuiteRunnerWorker.run(SuiteRunnerWorker.java:84)
at org.testng.TestNG.runSuitesSequentially(TestNG.java:1208)
at org.testng.TestNG.runSuitesLocally(TestNG.java:1137)
at org.testng.TestNG.runSuites(TestNG.java:1049)
at org.testng.TestNG.run(TestNG.java:1017)
at org.testng.remote.AbstractRemoteTestNG.run(AbstractRemoteTestNG.java:114)
at org.testng.remote.RemoteTestNG.initAndRun(RemoteTestNG.java:251)
at org.testng.remote.RemoteTestNG.main(RemoteTestNG.java:77)
]]>
    </failure>
  </testcase> <!-- unBreakableTest -->
  <testcase name="windUp" time="1.185" classname="UnbreakableSeleniumTest">
    <failure type="java.lang.AssertionError" message="A detailed report will be created at &#039;D:\workspace\recheckweb4\autoheal-recheckweb\target\test-classes\retest\recheck\UnbreakableSeleniumTest.report&#039;. You can review the details by using our CLI (https://github.com/retest/recheck.cli/) or GUI (https://retest.de/review/).

4 check(s) in &#039;UnbreakableSeleniumTest&#039; found the following difference(s):
Test &#039;unBreakableTest&#039; has 4 difference(s) in 4 state(s):
00 resulted in:
	Metadata Differences:
		
	input at &#039;html[1]/body[1]/main[1]/form[1]/input[1]&#039;:
		id: expected=&quot;username123&quot;, actual=&quot;username1234567&quot;
	input at &#039;html[1]/body[1]/main[1]/form[1]/input[2]&#039;:
		id: expected=&quot;password&quot;, actual=&quot;password-field&quot;
01 resulted in:
	Metadata Differences:
		
	input at &#039;html[1]/body[1]/main[1]/form[1]/input[1]&#039;:
		id: expected=&quot;username123&quot;, actual=&quot;username1234567&quot;
	input at &#039;html[1]/body[1]/main[1]/form[1]/input[2]&#039;:
		id: expected=&quot;password&quot;, actual=&quot;password-field&quot;
02 resulted in:
	Metadata Differences:
		
	input at &#039;html[1]/body[1]/main[1]/form[1]/input[1]&#039;:
		id: expected=&quot;username123&quot;, actual=&quot;username1234567&quot;
	input at &#039;html[1]/body[1]/main[1]/form[1]/input[2]&#039;:
		id: expected=&quot;password&quot;, actual=&quot;password-field&quot;
03 resulted in:
	Metadata Differences:
		browser.name: expected=&quot;chrome&quot;, actual=&quot;null&quot;
		browser.version: expected=&quot;84.0.4147.89&quot;, actual=&quot;null&quot;
		check.type: expected=&quot;driver&quot;, actual=&quot;null&quot;
		driver.type: expected=&quot;RecheckDriver&quot;, actual=&quot;null&quot;
		os.name: expected=&quot;WINDOWS&quot;, actual=&quot;Windows 7&quot;
		url: expected=&quot;file:///D:/workspace/recheckweb4/autoheal-recheckweb/src/test/resources/loginpage.html&quot;, actual=&quot;null&quot;
		window.height: expected=&quot;708&quot;, actual=&quot;null&quot;
		window.width: expected=&quot;1050&quot;, actual=&quot;null&quot;
	html at &#039;html[1]&#039;:
		border-image-outset: expected=&quot;(default or absent)&quot;, actual=&quot;0&quot;
	head at &#039;html[1]/head[1]&#039;:
		covered: expected=&quot;true&quot;, actual=&quot;(default or absent)&quot;
	meta at &#039;html[1]/head[1]/meta[1]&#039;:
		covered: expected=&quot;true&quot;, actual=&quot;(default or absent)&quot;
	meta at &#039;html[1]/head[1]/meta[2]&#039;:
		covered: expected=&quot;true&quot;, actual=&quot;(default or absent)&quot;
	title [Login] at &#039;html[1]/head[1]/title[1]&#039;:
		covered: expected=&quot;true&quot;, actual=&quot;(default or absent)&quot;
	input at &#039;html[1]/body[1]/main[1]/form[1]/input[1]&#039;:
		id: expected=&quot;username123&quot;, actual=&quot;username1234567&quot;
	input at &#039;html[1]/body[1]/main[1]/form[1]/input[2]&#039;:
		id: expected=&quot;password&quot;, actual=&quot;password-field&quot;">
      <![CDATA[java.lang.AssertionError: A detailed report will be created at 'D:\workspace\recheckweb4\autoheal-recheckweb\target\test-classes\retest\recheck\UnbreakableSeleniumTest.report'. You can review the details by using our CLI (https://github.com/retest/recheck.cli/) or GUI (https://retest.de/review/).

4 check(s) in 'UnbreakableSeleniumTest' found the following difference(s):
Test 'unBreakableTest' has 4 difference(s) in 4 state(s):
00 resulted in:
Metadata Differences:

input at 'html[1]/body[1]/main[1]/form[1]/input[1]':
id: expected="username123", actual="username1234567"
input at 'html[1]/body[1]/main[1]/form[1]/input[2]':
id: expected="password", actual="password-field"
01 resulted in:
Metadata Differences:

input at 'html[1]/body[1]/main[1]/form[1]/input[1]':
id: expected="username123", actual="username1234567"
input at 'html[1]/body[1]/main[1]/form[1]/input[2]':
id: expected="password", actual="password-field"
02 resulted in:
Metadata Differences:

input at 'html[1]/body[1]/main[1]/form[1]/input[1]':
id: expected="username123", actual="username1234567"
input at 'html[1]/body[1]/main[1]/form[1]/input[2]':
id: expected="password", actual="password-field"
03 resulted in:
Metadata Differences:
browser.name: expected="chrome", actual="null"
browser.version: expected="84.0.4147.89", actual="null"
check.type: expected="driver", actual="null"
driver.type: expected="RecheckDriver", actual="null"
os.name: expected="WINDOWS", actual="Windows 7"
url: expected="file:///D:/workspace/recheckweb4/autoheal-recheckweb/src/test/resources/loginpage.html", actual="null"
window.height: expected="708", actual="null"
window.width: expected="1050", actual="null"
html at 'html[1]':
border-image-outset: expected="(default or absent)", actual="0"
head at 'html[1]/head[1]':
covered: expected="true", actual="(default or absent)"
meta at 'html[1]/head[1]/meta[1]':
covered: expected="true", actual="(default or absent)"
meta at 'html[1]/head[1]/meta[2]':
covered: expected="true", actual="(default or absent)"
title [Login] at 'html[1]/head[1]/title[1]':
covered: expected="true", actual="(default or absent)"
input at 'html[1]/body[1]/main[1]/form[1]/input[1]':
id: expected="username123", actual="username1234567"
input at 'html[1]/body[1]/main[1]/form[1]/input[2]':
id: expected="password", actual="password-field"
at de.retest.recheck.RecheckImpl.capTest(RecheckImpl.java:188)
at de.retest.recheck.RecheckImpl.cap(RecheckImpl.java:200)
at de.retest.web.selenium.AutocheckingRecheckDriver.cap(AutocheckingRecheckDriver.java:88)
at de.retest.web.selenium.AutocheckingRecheckDriver.quit(AutocheckingRecheckDriver.java:108)
at UnbreakableSeleniumTest.windUp(UnbreakableSeleniumTest.java:48)
at sun.reflect.NativeMethodAccessorImpl.invoke0(Native Method)
at sun.reflect.NativeMethodAccessorImpl.invoke(NativeMethodAccessorImpl.java:62)
at sun.reflect.DelegatingMethodAccessorImpl.invoke(DelegatingMethodAccessorImpl.java:43)
at java.lang.reflect.Method.invoke(Method.java:498)
at org.testng.internal.MethodInvocationHelper.invokeMethod(MethodInvocationHelper.java:124)
at org.testng.internal.MethodInvocationHelper.invokeMethodConsideringTimeout(MethodInvocationHelper.java:59)
at org.testng.internal.Invoker.invokeConfigurationMethod(Invoker.java:458)
at org.testng.internal.Invoker.invokeConfigurations(Invoker.java:222)
at org.testng.internal.Invoker.invokeConfigurations(Invoker.java:142)
at org.testng.TestRunner.afterRun(TestRunner.java:725)
at org.testng.TestRunner.run(TestRunner.java:509)
at org.testng.SuiteRunner.runTest(SuiteRunner.java:455)
at org.testng.SuiteRunner.runSequentially(SuiteRunner.java:450)
at org.testng.SuiteRunner.privateRun(SuiteRunner.java:415)
at org.testng.SuiteRunner.run(SuiteRunner.java:364)
at org.testng.SuiteRunnerWorker.runSuite(SuiteRunnerWorker.java:52)
at org.testng.SuiteRunnerWorker.run(SuiteRunnerWorker.java:84)
at org.testng.TestNG.runSuitesSequentially(TestNG.java:1208)
at org.testng.TestNG.runSuitesLocally(TestNG.java:1137)
at org.testng.TestNG.runSuites(TestNG.java:1049)
at org.testng.TestNG.run(TestNG.java:1017)
at org.testng.remote.AbstractRemoteTestNG.run(AbstractRemoteTestNG.java:114)
at org.testng.remote.RemoteTestNG.initAndRun(RemoteTestNG.java:251)
at org.testng.remote.RemoteTestNG.main(RemoteTestNG.java:77)
]]>
    </failure>
  </testcase> <!-- windUp -->
</testsuite> <!-- UnbreakableSeleniumTest -->
